2020-03-22 20:44:37,256 - Log4JLogChute initialized using file 'velocity.log'
2020-03-22 20:44:37,257 - Initializing Velocity, Calling init()...
2020-03-22 20:44:37,257 - Starting Apache Velocity v1.7 (compiled: 2010-11-19 12:14:37)
2020-03-22 20:44:37,257 - Default Properties File: org\apache\velocity\runtime\defaults\velocity.properties
2020-03-22 20:44:37,257 - Trying to use logger class org.apache.velocity.runtime.log.AvalonLogChute
2020-03-22 20:44:37,257 - Target log system for org.apache.velocity.runtime.log.AvalonLogChute is not available (java.lang.NoClassDefFoundError: org/apache/log/format/Formatter).  Falling back to next log system...
2020-03-22 20:44:37,257 - Trying to use logger class org.apache.velocity.runtime.log.Log4JLogChute
2020-03-22 20:44:37,257 - Using logger class org.apache.velocity.runtime.log.Log4JLogChute
2020-03-22 20:44:37,259 - ResourceLoader instantiated: org.apache.velocity.runtime.resource.loader.ClasspathResourceLoader
2020-03-22 20:44:37,266 - ResourceCache: initialized (class org.apache.velocity.runtime.resource.ResourceCacheImpl) with class java.util.Collections$SynchronizedMap cache map.
2020-03-22 20:44:37,267 - Loaded System Directive: org.apache.velocity.runtime.directive.Stop
2020-03-22 20:44:37,267 - Loaded System Directive: org.apache.velocity.runtime.directive.Define
2020-03-22 20:44:37,268 - Loaded System Directive: org.apache.velocity.runtime.directive.Break
2020-03-22 20:44:37,268 - Loaded System Directive: org.apache.velocity.runtime.directive.Evaluate
2020-03-22 20:44:37,269 - Loaded System Directive: org.apache.velocity.runtime.directive.Literal
2020-03-22 20:44:37,269 - Loaded System Directive: org.apache.velocity.runtime.directive.Macro
2020-03-22 20:44:37,270 - Loaded System Directive: org.apache.velocity.runtime.directive.Parse
2020-03-22 20:44:37,270 - Loaded System Directive: org.apache.velocity.runtime.directive.Include
2020-03-22 20:44:37,271 - Loaded System Directive: org.apache.velocity.runtime.directive.Foreach
2020-03-22 20:44:37,284 - Created '20' parsers.
2020-03-22 20:44:37,287 - Velocimacro : "velocimacro.library" is not set.  Trying default library: VM_global_library.vm
2020-03-22 20:44:37,287 - Could not load resource 'VM_global_library.vm' from ResourceLoader org.apache.velocity.runtime.resource.loader.ClasspathResourceLoader: ClasspathResourceLoader Error: cannot find resource VM_global_library.vm
2020-03-22 20:44:37,287 - Velocimacro : Default library not found.
2020-03-22 20:44:37,287 - Velocimacro : allowInline = true : VMs can be defined inline in templates
2020-03-22 20:44:37,287 - Velocimacro : allowInlineToOverride = false : VMs defined inline may NOT replace previous VM definitions
2020-03-22 20:44:37,287 - Velocimacro : allowInlineLocal = false : VMs defined inline will be global in scope if allowed.
2020-03-22 20:44:37,287 - Velocimacro : autoload off : VM system will not automatically reload global library macros
2020-03-22 20:44:37,320 - ResourceManager : found templates/domain.java.vm with loader org.apache.velocity.runtime.resource.loader.ClasspathResourceLoader
2020-03-22 20:44:37,348 - ResourceManager : found templates/Mapper.xml.vm with loader org.apache.velocity.runtime.resource.loader.ClasspathResourceLoader
2020-03-22 20:44:37,356 - Null reference [template 'templates/Mapper.xml.vm', line 32, column 26] : ${sort} cannot be resolved.
2020-03-22 20:44:37,356 - Null reference [template 'templates/Mapper.xml.vm', line 32, column 34] : ${order} cannot be resolved.
2020-03-22 20:46:47,049 - Log4JLogChute initialized using file 'velocity.log'
2020-03-22 20:46:47,049 - Initializing Velocity, Calling init()...
2020-03-22 20:46:47,049 - Starting Apache Velocity v1.7 (compiled: 2010-11-19 12:14:37)
2020-03-22 20:46:47,049 - Default Properties File: org\apache\velocity\runtime\defaults\velocity.properties
2020-03-22 20:46:47,049 - Trying to use logger class org.apache.velocity.runtime.log.AvalonLogChute
2020-03-22 20:46:47,049 - Target log system for org.apache.velocity.runtime.log.AvalonLogChute is not available (java.lang.NoClassDefFoundError: org/apache/log/format/Formatter).  Falling back to next log system...
2020-03-22 20:46:47,049 - Trying to use logger class org.apache.velocity.runtime.log.Log4JLogChute
2020-03-22 20:46:47,049 - Using logger class org.apache.velocity.runtime.log.Log4JLogChute
2020-03-22 20:46:47,052 - ResourceLoader instantiated: org.apache.velocity.runtime.resource.loader.ClasspathResourceLoader
2020-03-22 20:46:47,057 - ResourceCache: initialized (class org.apache.velocity.runtime.resource.ResourceCacheImpl) with class java.util.Collections$SynchronizedMap cache map.
2020-03-22 20:46:47,058 - Loaded System Directive: org.apache.velocity.runtime.directive.Stop
2020-03-22 20:46:47,059 - Loaded System Directive: org.apache.velocity.runtime.directive.Define
2020-03-22 20:46:47,059 - Loaded System Directive: org.apache.velocity.runtime.directive.Break
2020-03-22 20:46:47,060 - Loaded System Directive: org.apache.velocity.runtime.directive.Evaluate
2020-03-22 20:46:47,061 - Loaded System Directive: org.apache.velocity.runtime.directive.Literal
2020-03-22 20:46:47,062 - Loaded System Directive: org.apache.velocity.runtime.directive.Macro
2020-03-22 20:46:47,063 - Loaded System Directive: org.apache.velocity.runtime.directive.Parse
2020-03-22 20:46:47,063 - Loaded System Directive: org.apache.velocity.runtime.directive.Include
2020-03-22 20:46:47,064 - Loaded System Directive: org.apache.velocity.runtime.directive.Foreach
2020-03-22 20:46:47,079 - Created '20' parsers.
2020-03-22 20:46:47,082 - Velocimacro : "velocimacro.library" is not set.  Trying default library: VM_global_library.vm
2020-03-22 20:46:47,082 - Could not load resource 'VM_global_library.vm' from ResourceLoader org.apache.velocity.runtime.resource.loader.ClasspathResourceLoader: ClasspathResourceLoader Error: cannot find resource VM_global_library.vm
2020-03-22 20:46:47,082 - Velocimacro : Default library not found.
2020-03-22 20:46:47,082 - Velocimacro : allowInline = true : VMs can be defined inline in templates
2020-03-22 20:46:47,082 - Velocimacro : allowInlineToOverride = false : VMs defined inline may NOT replace previous VM definitions
2020-03-22 20:46:47,082 - Velocimacro : allowInlineLocal = false : VMs defined inline will be global in scope if allowed.
2020-03-22 20:46:47,082 - Velocimacro : autoload off : VM system will not automatically reload global library macros
2020-03-22 20:46:47,104 - ResourceManager : found templates/domain.java.vm with loader org.apache.velocity.runtime.resource.loader.ClasspathResourceLoader
2020-03-22 20:46:47,121 - ResourceManager : found templates/Mapper.xml.vm with loader org.apache.velocity.runtime.resource.loader.ClasspathResourceLoader
2020-03-22 20:46:47,128 - Null reference [template 'templates/Mapper.xml.vm', line 32, column 26] : ${sort} cannot be resolved.
2020-03-22 20:46:47,128 - Null reference [template 'templates/Mapper.xml.vm', line 32, column 34] : ${order} cannot be resolved.
2020-03-22 20:47:39,249 - Log4JLogChute initialized using file 'velocity.log'
2020-03-22 20:47:39,249 - Initializing Velocity, Calling init()...
2020-03-22 20:47:39,249 - Starting Apache Velocity v1.7 (compiled: 2010-11-19 12:14:37)
2020-03-22 20:47:39,249 - Default Properties File: org\apache\velocity\runtime\defaults\velocity.properties
2020-03-22 20:47:39,249 - Trying to use logger class org.apache.velocity.runtime.log.AvalonLogChute
2020-03-22 20:47:39,249 - Target log system for org.apache.velocity.runtime.log.AvalonLogChute is not available (java.lang.NoClassDefFoundError: org/apache/log/format/Formatter).  Falling back to next log system...
2020-03-22 20:47:39,249 - Trying to use logger class org.apache.velocity.runtime.log.Log4JLogChute
2020-03-22 20:47:39,249 - Using logger class org.apache.velocity.runtime.log.Log4JLogChute
2020-03-22 20:47:39,251 - ResourceLoader instantiated: org.apache.velocity.runtime.resource.loader.ClasspathResourceLoader
2020-03-22 20:47:39,254 - ResourceCache: initialized (class org.apache.velocity.runtime.resource.ResourceCacheImpl) with class java.util.Collections$SynchronizedMap cache map.
2020-03-22 20:47:39,255 - Loaded System Directive: org.apache.velocity.runtime.directive.Stop
2020-03-22 20:47:39,256 - Loaded System Directive: org.apache.velocity.runtime.directive.Define
2020-03-22 20:47:39,256 - Loaded System Directive: org.apache.velocity.runtime.directive.Break
2020-03-22 20:47:39,256 - Loaded System Directive: org.apache.velocity.runtime.directive.Evaluate
2020-03-22 20:47:39,256 - Loaded System Directive: org.apache.velocity.runtime.directive.Literal
2020-03-22 20:47:39,257 - Loaded System Directive: org.apache.velocity.runtime.directive.Macro
2020-03-22 20:47:39,258 - Loaded System Directive: org.apache.velocity.runtime.directive.Parse
2020-03-22 20:47:39,258 - Loaded System Directive: org.apache.velocity.runtime.directive.Include
2020-03-22 20:47:39,259 - Loaded System Directive: org.apache.velocity.runtime.directive.Foreach
2020-03-22 20:47:39,273 - Created '20' parsers.
2020-03-22 20:47:39,276 - Velocimacro : "velocimacro.library" is not set.  Trying default library: VM_global_library.vm
2020-03-22 20:47:39,276 - Could not load resource 'VM_global_library.vm' from ResourceLoader org.apache.velocity.runtime.resource.loader.ClasspathResourceLoader: ClasspathResourceLoader Error: cannot find resource VM_global_library.vm
2020-03-22 20:47:39,276 - Velocimacro : Default library not found.
2020-03-22 20:47:39,276 - Velocimacro : allowInline = true : VMs can be defined inline in templates
2020-03-22 20:47:39,276 - Velocimacro : allowInlineToOverride = false : VMs defined inline may NOT replace previous VM definitions
2020-03-22 20:47:39,276 - Velocimacro : allowInlineLocal = false : VMs defined inline will be global in scope if allowed.
2020-03-22 20:47:39,276 - Velocimacro : autoload off : VM system will not automatically reload global library macros
2020-03-22 20:47:39,291 - ResourceManager : found templates/domain.java.vm with loader org.apache.velocity.runtime.resource.loader.ClasspathResourceLoader
2020-03-22 20:47:39,311 - ResourceManager : found templates/Mapper.xml.vm with loader org.apache.velocity.runtime.resource.loader.ClasspathResourceLoader
2020-03-22 20:47:39,318 - Null reference [template 'templates/Mapper.xml.vm', line 32, column 26] : ${sort} cannot be resolved.
2020-03-22 20:47:39,318 - Null reference [template 'templates/Mapper.xml.vm', line 32, column 34] : ${order} cannot be resolved.
2020-03-22 21:08:05,302 - Log4JLogChute initialized using file 'velocity.log'
2020-03-22 21:08:05,303 - Initializing Velocity, Calling init()...
2020-03-22 21:08:05,303 - Starting Apache Velocity v1.7 (compiled: 2010-11-19 12:14:37)
2020-03-22 21:08:05,303 - Default Properties File: org\apache\velocity\runtime\defaults\velocity.properties
2020-03-22 21:08:05,303 - Trying to use logger class org.apache.velocity.runtime.log.AvalonLogChute
2020-03-22 21:08:05,303 - Target log system for org.apache.velocity.runtime.log.AvalonLogChute is not available (java.lang.NoClassDefFoundError: org/apache/log/format/Formatter).  Falling back to next log system...
2020-03-22 21:08:05,303 - Trying to use logger class org.apache.velocity.runtime.log.Log4JLogChute
2020-03-22 21:08:05,303 - Using logger class org.apache.velocity.runtime.log.Log4JLogChute
2020-03-22 21:08:05,305 - ResourceLoader instantiated: org.apache.velocity.runtime.resource.loader.ClasspathResourceLoader
2020-03-22 21:08:05,309 - ResourceCache: initialized (class org.apache.velocity.runtime.resource.ResourceCacheImpl) with class java.util.Collections$SynchronizedMap cache map.
2020-03-22 21:08:05,309 - Loaded System Directive: org.apache.velocity.runtime.directive.Stop
2020-03-22 21:08:05,310 - Loaded System Directive: org.apache.velocity.runtime.directive.Define
2020-03-22 21:08:05,310 - Loaded System Directive: org.apache.velocity.runtime.directive.Break
2020-03-22 21:08:05,311 - Loaded System Directive: org.apache.velocity.runtime.directive.Evaluate
2020-03-22 21:08:05,311 - Loaded System Directive: org.apache.velocity.runtime.directive.Literal
2020-03-22 21:08:05,311 - Loaded System Directive: org.apache.velocity.runtime.directive.Macro
2020-03-22 21:08:05,312 - Loaded System Directive: org.apache.velocity.runtime.directive.Parse
2020-03-22 21:08:05,313 - Loaded System Directive: org.apache.velocity.runtime.directive.Include
2020-03-22 21:08:05,313 - Loaded System Directive: org.apache.velocity.runtime.directive.Foreach
2020-03-22 21:08:05,327 - Created '20' parsers.
2020-03-22 21:08:05,330 - Velocimacro : "velocimacro.library" is not set.  Trying default library: VM_global_library.vm
2020-03-22 21:08:05,330 - Could not load resource 'VM_global_library.vm' from ResourceLoader org.apache.velocity.runtime.resource.loader.ClasspathResourceLoader: ClasspathResourceLoader Error: cannot find resource VM_global_library.vm
2020-03-22 21:08:05,330 - Velocimacro : Default library not found.
2020-03-22 21:08:05,330 - Velocimacro : allowInline = true : VMs can be defined inline in templates
2020-03-22 21:08:05,330 - Velocimacro : allowInlineToOverride = false : VMs defined inline may NOT replace previous VM definitions
2020-03-22 21:08:05,330 - Velocimacro : allowInlineLocal = false : VMs defined inline will be global in scope if allowed.
2020-03-22 21:08:05,330 - Velocimacro : autoload off : VM system will not automatically reload global library macros
2020-03-22 21:08:05,345 - ResourceManager : found templates/domain.java.vm with loader org.apache.velocity.runtime.resource.loader.ClasspathResourceLoader
2020-03-22 21:08:05,359 - ResourceManager : found templates/Mapper.xml.vm with loader org.apache.velocity.runtime.resource.loader.ClasspathResourceLoader
2020-03-22 21:08:05,365 - Null reference [template 'templates/Mapper.xml.vm', line 32, column 26] : ${sort} cannot be resolved.
2020-03-22 21:08:05,365 - Null reference [template 'templates/Mapper.xml.vm', line 32, column 34] : ${order} cannot be resolved.
2020-03-22 21:11:41,489 - Log4JLogChute initialized using file 'velocity.log'
2020-03-22 21:11:41,489 - Initializing Velocity, Calling init()...
2020-03-22 21:11:41,489 - Starting Apache Velocity v1.7 (compiled: 2010-11-19 12:14:37)
2020-03-22 21:11:41,489 - Default Properties File: org\apache\velocity\runtime\defaults\velocity.properties
2020-03-22 21:11:41,489 - Trying to use logger class org.apache.velocity.runtime.log.AvalonLogChute
2020-03-22 21:11:41,489 - Target log system for org.apache.velocity.runtime.log.AvalonLogChute is not available (java.lang.NoClassDefFoundError: org/apache/log/format/Formatter).  Falling back to next log system...
2020-03-22 21:11:41,489 - Trying to use logger class org.apache.velocity.runtime.log.Log4JLogChute
2020-03-22 21:11:41,489 - Using logger class org.apache.velocity.runtime.log.Log4JLogChute
2020-03-22 21:11:41,491 - ResourceLoader instantiated: org.apache.velocity.runtime.resource.loader.ClasspathResourceLoader
2020-03-22 21:11:41,495 - ResourceCache: initialized (class org.apache.velocity.runtime.resource.ResourceCacheImpl) with class java.util.Collections$SynchronizedMap cache map.
2020-03-22 21:11:41,496 - Loaded System Directive: org.apache.velocity.runtime.directive.Stop
2020-03-22 21:11:41,497 - Loaded System Directive: org.apache.velocity.runtime.directive.Define
2020-03-22 21:11:41,497 - Loaded System Directive: org.apache.velocity.runtime.directive.Break
2020-03-22 21:11:41,498 - Loaded System Directive: org.apache.velocity.runtime.directive.Evaluate
2020-03-22 21:11:41,498 - Loaded System Directive: org.apache.velocity.runtime.directive.Literal
2020-03-22 21:11:41,498 - Loaded System Directive: org.apache.velocity.runtime.directive.Macro
2020-03-22 21:11:41,499 - Loaded System Directive: org.apache.velocity.runtime.directive.Parse
2020-03-22 21:11:41,500 - Loaded System Directive: org.apache.velocity.runtime.directive.Include
2020-03-22 21:11:41,500 - Loaded System Directive: org.apache.velocity.runtime.directive.Foreach
2020-03-22 21:11:41,515 - Created '20' parsers.
2020-03-22 21:11:41,518 - Velocimacro : "velocimacro.library" is not set.  Trying default library: VM_global_library.vm
2020-03-22 21:11:41,519 - Could not load resource 'VM_global_library.vm' from ResourceLoader org.apache.velocity.runtime.resource.loader.ClasspathResourceLoader: ClasspathResourceLoader Error: cannot find resource VM_global_library.vm
2020-03-22 21:11:41,519 - Velocimacro : Default library not found.
2020-03-22 21:11:41,519 - Velocimacro : allowInline = true : VMs can be defined inline in templates
2020-03-22 21:11:41,519 - Velocimacro : allowInlineToOverride = false : VMs defined inline may NOT replace previous VM definitions
2020-03-22 21:11:41,519 - Velocimacro : allowInlineLocal = false : VMs defined inline will be global in scope if allowed.
2020-03-22 21:11:41,519 - Velocimacro : autoload off : VM system will not automatically reload global library macros
2020-03-22 21:11:41,533 - ResourceManager : found templates/domain.java.vm with loader org.apache.velocity.runtime.resource.loader.ClasspathResourceLoader
2020-03-22 21:11:41,546 - ResourceManager : found templates/Dao.java.vm with loader org.apache.velocity.runtime.resource.loader.ClasspathResourceLoader
2020-03-22 21:11:41,554 - ResourceManager : found templates/Mapper.xml.vm with loader org.apache.velocity.runtime.resource.loader.ClasspathResourceLoader
2020-03-22 21:11:41,561 - Null reference [template 'templates/Mapper.xml.vm', line 32, column 26] : ${sort} cannot be resolved.
2020-03-22 21:11:41,561 - Null reference [template 'templates/Mapper.xml.vm', line 32, column 34] : ${order} cannot be resolved.
